  Cube.cpp
F:\University Work\Year1\6. Introduction to Graphics Programming\IntroToGraphicsProgramming\OpenGL1\OpenGL1\Cube.cpp(105,27): warning C4244: '=': conversion from 'double' to 'float', possible loss of data
  GLUCallbacks.cpp
F:\University Work\Year1\6. Introduction to Graphics Programming\IntroToGraphicsProgramming\OpenGL1\OpenGL1\HelloGL.h(18,1): warning C4005: 'NUMOBJECTS': macro redefinition
  (compiling source file 'GLUCallbacks.cpp')
  F:\University Work\Year1\6. Introduction to Graphics Programming\IntroToGraphicsProgramming\OpenGL1\OpenGL1\OrbitSystem.h(4,1):
  see previous definition of 'NUMOBJECTS'
  
  HelloGL.cpp
F:\University Work\Year1\6. Introduction to Graphics Programming\IntroToGraphicsProgramming\OpenGL1\OpenGL1\HelloGL.h(18,1): warning C4005: 'NUMOBJECTS': macro redefinition
  (compiling source file 'HelloGL.cpp')
  F:\University Work\Year1\6. Introduction to Graphics Programming\IntroToGraphicsProgramming\OpenGL1\OpenGL1\OrbitSystem.h(4,1):
  see previous definition of 'NUMOBJECTS'
  
F:\University Work\Year1\6. Introduction to Graphics Programming\IntroToGraphicsProgramming\OpenGL1\OpenGL1\HelloGL.cpp(226,26): warning C4305: 'initializing': truncation from 'double' to 'float'
F:\University Work\Year1\6. Introduction to Graphics Programming\IntroToGraphicsProgramming\OpenGL1\OpenGL1\HelloGL.cpp(229,24): warning C4244: '=': conversion from 'double' to 'float', possible loss of data
  main.cpp
F:\University Work\Year1\6. Introduction to Graphics Programming\IntroToGraphicsProgramming\OpenGL1\OpenGL1\HelloGL.h(18,1): warning C4005: 'NUMOBJECTS': macro redefinition
  (compiling source file 'main.cpp')
  F:\University Work\Year1\6. Introduction to Graphics Programming\IntroToGraphicsProgramming\OpenGL1\OpenGL1\OrbitSystem.h(4,1):
  see previous definition of 'NUMOBJECTS'
  
  MeshLoader.cpp
  Object.cpp
F:\University Work\Year1\6. Introduction to Graphics Programming\IntroToGraphicsProgramming\OpenGL1\OpenGL1\Object.cpp(108,22): warning C4018: '<': signed/unsigned mismatch
F:\University Work\Year1\6. Introduction to Graphics Programming\IntroToGraphicsProgramming\OpenGL1\OpenGL1\Object.cpp(350,31): warning C4244: '=': conversion from 'double' to 'GLfloat', possible loss of data
F:\University Work\Year1\6. Introduction to Graphics Programming\IntroToGraphicsProgramming\OpenGL1\OpenGL1\Object.cpp(360,16): warning C4305: 'initializing': truncation from 'double' to 'GLfloat'
  OrbitSystem.cpp
F:\University Work\Year1\6. Introduction to Graphics Programming\IntroToGraphicsProgramming\OpenGL1\OpenGL1\OrbitSystem.cpp(26,3): warning C4305: 'argument': truncation from 'double' to 'GLfloat'
F:\University Work\Year1\6. Introduction to Graphics Programming\IntroToGraphicsProgramming\OpenGL1\OpenGL1\OrbitSystem.cpp(36,13): warning C4305: 'argument': truncation from 'double' to 'GLfloat'
F:\University Work\Year1\6. Introduction to Graphics Programming\IntroToGraphicsProgramming\OpenGL1\OpenGL1\OrbitSystem.cpp(37,3): warning C4305: 'argument': truncation from 'double' to 'GLfloat'
F:\University Work\Year1\6. Introduction to Graphics Programming\IntroToGraphicsProgramming\OpenGL1\OpenGL1\OrbitSystem.cpp(46,13): warning C4305: 'argument': truncation from 'double' to 'GLfloat'
F:\University Work\Year1\6. Introduction to Graphics Programming\IntroToGraphicsProgramming\OpenGL1\OpenGL1\OrbitSystem.cpp(47,3): warning C4305: 'argument': truncation from 'double' to 'GLfloat'
F:\University Work\Year1\6. Introduction to Graphics Programming\IntroToGraphicsProgramming\OpenGL1\OpenGL1\OrbitSystem.cpp(56,13): warning C4305: 'argument': truncation from 'double' to 'GLfloat'
F:\University Work\Year1\6. Introduction to Graphics Programming\IntroToGraphicsProgramming\OpenGL1\OpenGL1\OrbitSystem.cpp(57,3): warning C4305: 'argument': truncation from 'double' to 'GLfloat'
F:\University Work\Year1\6. Introduction to Graphics Programming\IntroToGraphicsProgramming\OpenGL1\OpenGL1\OrbitSystem.cpp(66,13): warning C4305: 'argument': truncation from 'double' to 'GLfloat'
F:\University Work\Year1\6. Introduction to Graphics Programming\IntroToGraphicsProgramming\OpenGL1\OpenGL1\OrbitSystem.cpp(67,3): warning C4305: 'argument': truncation from 'double' to 'GLfloat'
F:\University Work\Year1\6. Introduction to Graphics Programming\IntroToGraphicsProgramming\OpenGL1\OpenGL1\OrbitSystem.cpp(76,13): warning C4305: 'argument': truncation from 'double' to 'GLfloat'
F:\University Work\Year1\6. Introduction to Graphics Programming\IntroToGraphicsProgramming\OpenGL1\OpenGL1\OrbitSystem.cpp(77,3): warning C4305: 'argument': truncation from 'double' to 'GLfloat'
  Pyramid.cpp
  SceneObject.cpp
  Texture2D.cpp
F:\University Work\Year1\6. Introduction to Graphics Programming\IntroToGraphicsProgramming\OpenGL1\OpenGL1\Texture2D.cpp(99,23): warning C4018: '<': signed/unsigned mismatch
F:\University Work\Year1\6. Introduction to Graphics Programming\IntroToGraphicsProgramming\OpenGL1\OpenGL1\Texture2D.cpp(60,9): warning C4101: 'fileSize': unreferenced local variable
  Generating code
  Previous IPDB not found, fall back to full compilation.
  All 437 functions were compiled because no usable IPDB/IOBJ from previous compilation was found.
  Finished generating code
  OpenGL1.vcxproj -> F:\University Work\Year1\6. Introduction to Graphics Programming\IntroToGraphicsProgramming\OpenGL1\Release\OpenGL1.exe
