f:\university work\year1\6. introduction to graphics programming\introtographicsprogramming\opengl1\opengl1\debug\vc143.pdb
f:\university work\year1\6. introduction to graphics programming\introtographicsprogramming\opengl1\opengl1\debug\vc143.idb
f:\university work\year1\6. introduction to graphics programming\introtographicsprogramming\opengl1\opengl1\debug\hellogl.obj
f:\university work\year1\6. introduction to graphics programming\introtographicsprogramming\opengl1\opengl1\debug\cube.obj
f:\university work\year1\6. introduction to graphics programming\introtographicsprogramming\opengl1\opengl1\debug\main.obj
f:\university work\year1\6. introduction to graphics programming\introtographicsprogramming\opengl1\opengl1\debug\texture2d.obj
f:\university work\year1\6. introduction to graphics programming\introtographicsprogramming\opengl1\opengl1\debug\sceneobject.obj
f:\university work\year1\6. introduction to graphics programming\introtographicsprogramming\opengl1\opengl1\debug\pyramid.obj
f:\university work\year1\6. introduction to graphics programming\introtographicsprogramming\opengl1\opengl1\debug\meshloader.obj
f:\university work\year1\6. introduction to graphics programming\introtographicsprogramming\opengl1\opengl1\debug\glucallbacks.obj
f:\university work\year1\6. introduction to graphics programming\introtographicsprogramming\opengl1\opengl1\debug\pyramid.obj.enc
f:\university work\year1\6. introduction to graphics programming\introtographicsprogramming\opengl1\opengl1\debug\opengl1.ilk
f:\university work\year1\6. introduction to graphics programming\introtographicsprogramming\opengl1\debug\opengl1.pdb
f:\university work\year1\6. introduction to graphics programming\introtographicsprogramming\opengl1\debug\opengl1.exe
f:\university work\year1\6. introduction to graphics programming\introtographicsprogramming\opengl1\opengl1\debug\opengl1.tlog\cl.command.1.tlog
f:\university work\year1\6. introduction to graphics programming\introtographicsprogramming\opengl1\opengl1\debug\opengl1.tlog\cl.items.tlog
f:\university work\year1\6. introduction to graphics programming\introtographicsprogramming\opengl1\opengl1\debug\opengl1.tlog\cl.read.1.tlog
f:\university work\year1\6. introduction to graphics programming\introtographicsprogramming\opengl1\opengl1\debug\opengl1.tlog\cl.write.1.tlog
f:\university work\year1\6. introduction to graphics programming\introtographicsprogramming\opengl1\opengl1\debug\opengl1.tlog\link.command.1.tlog
f:\university work\year1\6. introduction to graphics programming\introtographicsprogramming\opengl1\opengl1\debug\opengl1.tlog\link.read.1.tlog
f:\university work\year1\6. introduction to graphics programming\introtographicsprogramming\opengl1\opengl1\debug\opengl1.tlog\link.write.1.tlog
